<?xml version="1.0" encoding="UTF-8"?>
<!-- Generated by org.testng.reporters.JUnitReportReporter -->
<testsuite hostname="DESKTOP-SU0B7HE" failures="0" tests="1" name="testcase.TC_001_AccRegTest" time="11.077" errors="0" timestamp="2023-09-27T13:03:02 IST" skipped="0">
  <testcase classname="testcase.TC_001_AccRegTest" name="test_account_Registration" time="11.077"/>
  <system-out/>
</testsuite> <!-- testcase.TC_001_AccRegTest -->
